2013-08-22 09:28:19 ..\..\src\pbj\gfx\material.cpp(131) Warning: Exception while loading material!
                       Sandwich ID: #4967eac5c8296b82
                       Material ID: #ddfd165eca1acbee
                         Exception: Material not found!
2013-08-22 09:28:19 ..\..\src\pbj\sw\resource_manager.cpp(81) Error: Material not found!
                          Sandwich ID: #4967eac5c8296b82
                       TextureFont ID: #ddfd165eca1acbee
2013-08-22 09:28:19 ..\..\src\pbj\scene\entity.cpp(549) Warning: Exception while loading entity!
                       Sandwich ID: #2d4d8b099a73e46a
                            Map ID: #1f857c484dfd32fc
                         Entity ID: #0000000000000004
                         Exception: TextureFont not found!
2013-08-22 09:28:19 ..\..\src\pbj\gfx\material.cpp(131) Warning: Exception while loading material!
                       Sandwich ID: #4967eac5c8296b82
                       Material ID: #ddfd165eca1acbee
                         Exception: Material not found!
2013-08-22 09:28:19 ..\..\src\pbj\sw\resource_manager.cpp(81) Error: Material not found!
                          Sandwich ID: #4967eac5c8296b82
                       TextureFont ID: #ddfd165eca1acbee
2013-08-22 09:28:19 ..\..\src\pbj\scene\entity.cpp(549) Warning: Exception while loading entity!
                       Sandwich ID: #2d4d8b099a73e46a
                            Map ID: #1f857c484dfd32fc
                         Entity ID: #0000000000000005
                         Exception: TextureFont not found!
2013-08-22 09:28:19 ..\..\src\pbj\gfx\material.cpp(131) Warning: Exception while loading material!
                       Sandwich ID: #4967eac5c8296b82
                       Material ID: #ddfd165eca1acbee
                         Exception: Material not found!
2013-08-22 09:28:19 ..\..\src\pbj\sw\resource_manager.cpp(81) Error: Material not found!
                          Sandwich ID: #4967eac5c8296b82
                       TextureFont ID: #ddfd165eca1acbee
2013-08-22 09:28:19 ..\..\src\pbj\scene\entity.cpp(549) Warning: Exception while loading entity!
                       Sandwich ID: #2d4d8b099a73e46a
                            Map ID: #1f857c484dfd32fc
                         Entity ID: #0000000000000006
                         Exception: TextureFont not found!
2013-08-22 09:28:19 ..\..\src\pbj\gfx\material.cpp(131) Warning: Exception while loading material!
                       Sandwich ID: #4967eac5c8296b82
                       Material ID: #ddfd165eca1acbee
                         Exception: Material not found!
2013-08-22 09:28:19 ..\..\src\pbj\sw\resource_manager.cpp(81) Error: Material not found!
                          Sandwich ID: #4967eac5c8296b82
                       TextureFont ID: #ddfd165eca1acbee
2013-08-22 09:28:19 ..\..\src\pbj\scene\entity.cpp(549) Warning: Exception while loading entity!
                       Sandwich ID: #2d4d8b099a73e46a
                            Map ID: #1f857c484dfd32fc
                         Entity ID: #0000000000000007
                         Exception: TextureFont not found!
2013-08-22 09:28:19 ..\..\src\pbj\gfx\material.cpp(131) Warning: Exception while loading material!
                       Sandwich ID: #4967eac5c8296b82
                       Material ID: #ddfd165eca1acbee
                         Exception: Material not found!
2013-08-22 09:28:19 ..\..\src\pbj\sw\resource_manager.cpp(81) Error: Material not found!
                          Sandwich ID: #4967eac5c8296b82
                       TextureFont ID: #ddfd165eca1acbee
2013-08-22 09:28:19 ..\..\src\pbj\scene\entity.cpp(549) Warning: Exception while loading entity!
                       Sandwich ID: #2d4d8b099a73e46a
                            Map ID: #1f857c484dfd32fc
                         Entity ID: #0000000000000008
                         Exception: TextureFont not found!
2013-08-22 09:28:19 ..\..\src\pbj\gfx\material.cpp(131) Warning: Exception while loading material!
                       Sandwich ID: #4967eac5c8296b82
                       Material ID: #ddfd165eca1acbee
                         Exception: Material not found!
2013-08-22 09:28:19 ..\..\src\pbj\sw\resource_manager.cpp(81) Error: Material not found!
                          Sandwich ID: #4967eac5c8296b82
                       TextureFont ID: #ddfd165eca1acbee
2013-08-22 09:28:19 ..\..\src\pbj\scene\entity.cpp(549) Warning: Exception while loading entity!
                       Sandwich ID: #2d4d8b099a73e46a
                            Map ID: #1f857c484dfd32fc
                         Entity ID: #0000000000000009
                         Exception: TextureFont not found!
2013-08-22 09:28:19 ..\..\src\pbj\gfx\material.cpp(131) Warning: Exception while loading material!
                       Sandwich ID: #4967eac5c8296b82
                       Material ID: #2fcd9329bc3df5e1
                         Exception: Material not found!
2013-08-22 09:28:19 ..\..\src\pbj\sw\resource_manager.cpp(81) Error: Material not found!
                          Sandwich ID: #4967eac5c8296b82
                       TextureFont ID: #2fcd9329bc3df5e1
2013-08-22 09:28:19 ..\..\src\pbj\scene\entity.cpp(549) Warning: Exception while loading entity!
                       Sandwich ID: #2d4d8b099a73e46a
                            Map ID: #1f857c484dfd32fc
                         Entity ID: #000000000000000e
                         Exception: TextureFont not found!
2013-08-22 09:28:19 ..\..\src\pbj\gfx\material.cpp(131) Warning: Exception while loading material!
                       Sandwich ID: #4967eac5c8296b82
                       Material ID: #2fcd9329bc3df5e1
                         Exception: Material not found!
2013-08-22 09:28:19 ..\..\src\pbj\sw\resource_manager.cpp(81) Error: Material not found!
                          Sandwich ID: #4967eac5c8296b82
                       TextureFont ID: #2fcd9329bc3df5e1
2013-08-22 09:28:19 ..\..\src\pbj\scene\entity.cpp(549) Warning: Exception while loading entity!
                       Sandwich ID: #2d4d8b099a73e46a
                            Map ID: #1f857c484dfd32fc
                         Entity ID: #000000000000000f
                         Exception: TextureFont not found!
2013-08-22 09:28:19 ..\..\src\pbj\gfx\material.cpp(131) Warning: Exception while loading material!
                       Sandwich ID: #4967eac5c8296b82
                       Material ID: #2fcd9329bc3df5e1
                         Exception: Material not found!
2013-08-22 09:28:19 ..\..\src\pbj\sw\resource_manager.cpp(81) Error: Material not found!
                          Sandwich ID: #4967eac5c8296b82
                       TextureFont ID: #2fcd9329bc3df5e1
2013-08-22 09:28:19 ..\..\src\pbj\scene\entity.cpp(549) Warning: Exception while loading entity!
                       Sandwich ID: #2d4d8b099a73e46a
                            Map ID: #1f857c484dfd32fc
                         Entity ID: #0000000000000010
                         Exception: TextureFont not found!
2013-08-22 09:28:19 ..\..\src\pbj\gfx\material.cpp(131) Warning: Exception while loading material!
                       Sandwich ID: #4967eac5c8296b82
                       Material ID: #2fcd9329bc3df5e1
                         Exception: Material not found!
2013-08-22 09:28:19 ..\..\src\pbj\sw\resource_manager.cpp(81) Error: Material not found!
                          Sandwich ID: #4967eac5c8296b82
                       TextureFont ID: #2fcd9329bc3df5e1
2013-08-22 09:28:19 ..\..\src\pbj\scene\entity.cpp(549) Warning: Exception while loading entity!
                       Sandwich ID: #2d4d8b099a73e46a
                            Map ID: #1f857c484dfd32fc
                         Entity ID: #0000000000000011
                         Exception: TextureFont not found!
2013-08-22 09:28:19 ..\..\src\pbj\gfx\material.cpp(131) Warning: Exception while loading material!
                       Sandwich ID: #4967eac5c8296b82
                       Material ID: #2fcd9329bc3df5e1
                         Exception: Material not found!
2013-08-22 09:28:19 ..\..\src\pbj\sw\resource_manager.cpp(81) Error: Material not found!
                          Sandwich ID: #4967eac5c8296b82
                       TextureFont ID: #2fcd9329bc3df5e1
2013-08-22 09:28:19 ..\..\src\pbj\scene\entity.cpp(549) Warning: Exception while loading entity!
                       Sandwich ID: #2d4d8b099a73e46a
                            Map ID: #1f857c484dfd32fc
                         Entity ID: #0000000000000012
                         Exception: TextureFont not found!
2013-08-22 09:28:19 ..\..\src\pbj\gfx\material.cpp(131) Warning: Exception while loading material!
                       Sandwich ID: #4967eac5c8296b82
                       Material ID: #2fcd9329bc3df5e1
                         Exception: Material not found!
2013-08-22 09:28:19 ..\..\src\pbj\sw\resource_manager.cpp(81) Error: Material not found!
                          Sandwich ID: #4967eac5c8296b82
                       TextureFont ID: #2fcd9329bc3df5e1
2013-08-22 09:28:19 ..\..\src\pbj\scene\entity.cpp(549) Warning: Exception while loading entity!
                       Sandwich ID: #2d4d8b099a73e46a
                            Map ID: #1f857c484dfd32fc
                         Entity ID: #0000000000000013
                         Exception: TextureFont not found!
2013-08-22 09:28:19 ..\..\src\pbj\gfx\material.cpp(131) Warning: Exception while loading material!
                       Sandwich ID: #4967eac5c8296b82
                       Material ID: #2fcd9329bc3df5e1
                         Exception: Material not found!
2013-08-22 09:28:19 ..\..\src\pbj\sw\resource_manager.cpp(81) Error: Material not found!
                          Sandwich ID: #4967eac5c8296b82
                       TextureFont ID: #2fcd9329bc3df5e1
2013-08-22 09:28:19 ..\..\src\pbj\scene\entity.cpp(549) Warning: Exception while loading entity!
                       Sandwich ID: #2d4d8b099a73e46a
                            Map ID: #1f857c484dfd32fc
                         Entity ID: #0000000000000014
                         Exception: TextureFont not found!
2013-08-22 09:28:19 ..\..\src\pbj\gfx\material.cpp(131) Warning: Exception while loading material!
                       Sandwich ID: #4967eac5c8296b82
                       Material ID: #2fcd9329bc3df5e1
                         Exception: Material not found!
2013-08-22 09:28:19 ..\..\src\pbj\sw\resource_manager.cpp(81) Error: Material not found!
                          Sandwich ID: #4967eac5c8296b82
                       TextureFont ID: #2fcd9329bc3df5e1
2013-08-22 09:28:19 ..\..\src\pbj\scene\entity.cpp(549) Warning: Exception while loading entity!
                       Sandwich ID: #2d4d8b099a73e46a
                            Map ID: #1f857c484dfd32fc
                         Entity ID: #0000000000000015
                         Exception: TextureFont not found!
2013-08-22 09:28:19 ..\..\src\pbj\gfx\material.cpp(131) Warning: Exception while loading material!
                       Sandwich ID: #4967eac5c8296b82
                       Material ID: #ecad8f53adfebc82
                         Exception: Material not found!
2013-08-22 09:28:19 ..\..\src\pbj\sw\resource_manager.cpp(81) Error: Material not found!
                          Sandwich ID: #4967eac5c8296b82
                       TextureFont ID: #ecad8f53adfebc82
2013-08-22 09:28:19 ..\..\src\pbj\scene\entity.cpp(549) Warning: Exception while loading entity!
                       Sandwich ID: #2d4d8b099a73e46a
                            Map ID: #1f857c484dfd32fc
                         Entity ID: #0000000000000016
                         Exception: TextureFont not found!
2013-08-22 09:28:20 ..\..\src\pbj\gfx\material.cpp(131) Warning: Exception while loading material!
                       Sandwich ID: #4967eac5c8296b82
                       Material ID: #ecad8f53adfebc82
                         Exception: Material not found!
2013-08-22 09:28:20 ..\..\src\pbj\sw\resource_manager.cpp(81) Error: Material not found!
                          Sandwich ID: #4967eac5c8296b82
                       TextureFont ID: #ecad8f53adfebc82
2013-08-22 09:28:20 ..\..\src\pbj\scene\entity.cpp(549) Warning: Exception while loading entity!
                       Sandwich ID: #2d4d8b099a73e46a
                            Map ID: #1f857c484dfd32fc
                         Entity ID: #0000000000000017
                         Exception: TextureFont not found!
2013-08-22 09:28:20 ..\..\src\pbj\gfx\material.cpp(131) Warning: Exception while loading material!
                       Sandwich ID: #4967eac5c8296b82
                       Material ID: #ecad8f53adfebc82
                         Exception: Material not found!
2013-08-22 09:28:20 ..\..\src\pbj\sw\resource_manager.cpp(81) Error: Material not found!
                          Sandwich ID: #4967eac5c8296b82
                       TextureFont ID: #ecad8f53adfebc82
2013-08-22 09:28:20 ..\..\src\pbj\scene\entity.cpp(549) Warning: Exception while loading entity!
                       Sandwich ID: #2d4d8b099a73e46a
                            Map ID: #1f857c484dfd32fc
                         Entity ID: #0000000000000018
                         Exception: TextureFont not found!
2013-08-22 09:28:20 ..\..\src\pbj\gfx\material.cpp(131) Warning: Exception while loading material!
                       Sandwich ID: #4967eac5c8296b82
                       Material ID: #ecad8f53adfebc82
                         Exception: Material not found!
2013-08-22 09:28:20 ..\..\src\pbj\sw\resource_manager.cpp(81) Error: Material not found!
                          Sandwich ID: #4967eac5c8296b82
                       TextureFont ID: #ecad8f53adfebc82
2013-08-22 09:28:20 ..\..\src\pbj\scene\entity.cpp(549) Warning: Exception while loading entity!
                       Sandwich ID: #2d4d8b099a73e46a
                            Map ID: #1f857c484dfd32fc
                         Entity ID: #0000000000000019
                         Exception: TextureFont not found!
2013-08-22 09:28:20 ..\..\src\pbj\gfx\material.cpp(131) Warning: Exception while loading material!
                       Sandwich ID: #4967eac5c8296b82
                       Material ID: #ecad8f53adfebc82
                         Exception: Material not found!
2013-08-22 09:28:20 ..\..\src\pbj\sw\resource_manager.cpp(81) Error: Material not found!
                          Sandwich ID: #4967eac5c8296b82
                       TextureFont ID: #ecad8f53adfebc82
2013-08-22 09:28:20 ..\..\src\pbj\scene\entity.cpp(549) Warning: Exception while loading entity!
                       Sandwich ID: #2d4d8b099a73e46a
                            Map ID: #1f857c484dfd32fc
                         Entity ID: #000000000000001a
                         Exception: TextureFont not found!
2013-08-22 09:28:20 ..\..\src\pbj\gfx\material.cpp(131) Warning: Exception while loading material!
                       Sandwich ID: #4967eac5c8296b82
                       Material ID: #ecad8f53adfebc82
                         Exception: Material not found!
2013-08-22 09:28:20 ..\..\src\pbj\sw\resource_manager.cpp(81) Error: Material not found!
                          Sandwich ID: #4967eac5c8296b82
                       TextureFont ID: #ecad8f53adfebc82
2013-08-22 09:28:20 ..\..\src\pbj\scene\entity.cpp(549) Warning: Exception while loading entity!
                       Sandwich ID: #2d4d8b099a73e46a
                            Map ID: #1f857c484dfd32fc
                         Entity ID: #000000000000001b
                         Exception: TextureFont not found!
2013-08-22 09:28:20 ..\..\src\pbj\gfx\material.cpp(131) Warning: Exception while loading material!
                       Sandwich ID: #4967eac5c8296b82
                       Material ID: #ecad8f53adfebc82
                         Exception: Material not found!
2013-08-22 09:28:20 ..\..\src\pbj\sw\resource_manager.cpp(81) Error: Material not found!
                          Sandwich ID: #4967eac5c8296b82
                       TextureFont ID: #ecad8f53adfebc82
2013-08-22 09:28:20 ..\..\src\pbj\scene\entity.cpp(549) Warning: Exception while loading entity!
                       Sandwich ID: #2d4d8b099a73e46a
                            Map ID: #1f857c484dfd32fc
                         Entity ID: #000000000000001c
                         Exception: TextureFont not found!
2013-08-22 09:28:20 ..\..\src\pbj\gfx\material.cpp(131) Warning: Exception while loading material!
                       Sandwich ID: #4967eac5c8296b82
                       Material ID: #ecad8f53adfebc82
                         Exception: Material not found!
2013-08-22 09:28:20 ..\..\src\pbj\sw\resource_manager.cpp(81) Error: Material not found!
                          Sandwich ID: #4967eac5c8296b82
                       TextureFont ID: #ecad8f53adfebc82
2013-08-22 09:28:20 ..\..\src\pbj\scene\entity.cpp(549) Warning: Exception while loading entity!
                       Sandwich ID: #2d4d8b099a73e46a
                            Map ID: #1f857c484dfd32fc
                         Entity ID: #000000000000001d
                         Exception: TextureFont not found!
2013-08-22 09:28:20 ..\..\src\pbj\gfx\material.cpp(131) Warning: Exception while loading material!
                       Sandwich ID: #4967eac5c8296b82
                       Material ID: #ecad8f53adfebc82
                         Exception: Material not found!
2013-08-22 09:28:20 ..\..\src\pbj\sw\resource_manager.cpp(81) Error: Material not found!
                          Sandwich ID: #4967eac5c8296b82
                       TextureFont ID: #ecad8f53adfebc82
2013-08-22 09:28:20 ..\..\src\pbj\scene\entity.cpp(549) Warning: Exception while loading entity!
                       Sandwich ID: #2d4d8b099a73e46a
                            Map ID: #1f857c484dfd32fc
                         Entity ID: #000000000000001e
                         Exception: TextureFont not found!
2013-08-22 09:28:20 ..\..\src\pbj\gfx\material.cpp(131) Warning: Exception while loading material!
                       Sandwich ID: #4967eac5c8296b82
                       Material ID: #ecad8f53adfebc82
                         Exception: Material not found!
2013-08-22 09:28:20 ..\..\src\pbj\sw\resource_manager.cpp(81) Error: Material not found!
                          Sandwich ID: #4967eac5c8296b82
                       TextureFont ID: #ecad8f53adfebc82
2013-08-22 09:28:20 ..\..\src\pbj\scene\entity.cpp(549) Warning: Exception while loading entity!
                       Sandwich ID: #2d4d8b099a73e46a
                            Map ID: #1f857c484dfd32fc
                         Entity ID: #000000000000001f
                         Exception: TextureFont not found!
2013-08-22 09:28:20 ..\..\src\pbj\gfx\material.cpp(131) Warning: Exception while loading material!
                       Sandwich ID: #4967eac5c8296b82
                       Material ID: #ecad8f53adfebc82
                         Exception: Material not found!
2013-08-22 09:28:20 ..\..\src\pbj\sw\resource_manager.cpp(81) Error: Material not found!
                          Sandwich ID: #4967eac5c8296b82
                       TextureFont ID: #ecad8f53adfebc82
2013-08-22 09:28:20 ..\..\src\pbj\scene\entity.cpp(549) Warning: Exception while loading entity!
                       Sandwich ID: #2d4d8b099a73e46a
                            Map ID: #1f857c484dfd32fc
                         Entity ID: #0000000000000020
                         Exception: TextureFont not found!
2013-08-22 09:28:20 ..\..\src\pbj\gfx\material.cpp(131) Warning: Exception while loading material!
                       Sandwich ID: #4967eac5c8296b82
                       Material ID: #ecad8f53adfebc82
                         Exception: Material not found!
2013-08-22 09:28:20 ..\..\src\pbj\sw\resource_manager.cpp(81) Error: Material not found!
                          Sandwich ID: #4967eac5c8296b82
                       TextureFont ID: #ecad8f53adfebc82
2013-08-22 09:28:20 ..\..\src\pbj\scene\entity.cpp(549) Warning: Exception while loading entity!
                       Sandwich ID: #2d4d8b099a73e46a
                            Map ID: #1f857c484dfd32fc
                         Entity ID: #0000000000000021
                         Exception: TextureFont not found!
2013-08-22 09:28:20 ..\..\src\pbj\gfx\material.cpp(131) Warning: Exception while loading material!
                       Sandwich ID: #4967eac5c8296b82
                       Material ID: #76d09c4de00844bf
                         Exception: Material not found!
2013-08-22 09:28:20 ..\..\src\pbj\sw\resource_manager.cpp(81) Error: Material not found!
                          Sandwich ID: #4967eac5c8296b82
                       TextureFont ID: #76d09c4de00844bf
2013-08-22 09:28:20 ..\..\src\pbj\scene\entity.cpp(549) Warning: Exception while loading entity!
                       Sandwich ID: #2d4d8b099a73e46a
                            Map ID: #1f857c484dfd32fc
                         Entity ID: #0000000000000022
                         Exception: TextureFont not found!
2013-08-22 09:28:20 ..\..\src\pbj\gfx\material.cpp(131) Warning: Exception while loading material!
                       Sandwich ID: #4967eac5c8296b82
                       Material ID: #76d09c4de00844bf
                         Exception: Material not found!
2013-08-22 09:28:20 ..\..\src\pbj\sw\resource_manager.cpp(81) Error: Material not found!
                          Sandwich ID: #4967eac5c8296b82
                       TextureFont ID: #76d09c4de00844bf
2013-08-22 09:28:20 ..\..\src\pbj\scene\entity.cpp(549) Warning: Exception while loading entity!
                       Sandwich ID: #2d4d8b099a73e46a
                            Map ID: #1f857c484dfd32fc
                         Entity ID: #0000000000000023
                         Exception: TextureFont not found!
2013-08-22 09:28:20 ..\..\src\pbj\gfx\material.cpp(131) Warning: Exception while loading material!
                       Sandwich ID: #4967eac5c8296b82
                       Material ID: #76d09c4de00844bf
                         Exception: Material not found!
2013-08-22 09:28:20 ..\..\src\pbj\sw\resource_manager.cpp(81) Error: Material not found!
                          Sandwich ID: #4967eac5c8296b82
                       TextureFont ID: #76d09c4de00844bf
2013-08-22 09:28:20 ..\..\src\pbj\scene\entity.cpp(549) Warning: Exception while loading entity!
                       Sandwich ID: #2d4d8b099a73e46a
                            Map ID: #1f857c484dfd32fc
                         Entity ID: #0000000000000024
                         Exception: TextureFont not found!
2013-08-22 09:28:20 ..\..\src\pbj\gfx\material.cpp(131) Warning: Exception while loading material!
                       Sandwich ID: #4967eac5c8296b82
                       Material ID: #76d09c4de00844bf
                         Exception: Material not found!
2013-08-22 09:28:20 ..\..\src\pbj\sw\resource_manager.cpp(81) Error: Material not found!
                          Sandwich ID: #4967eac5c8296b82
                       TextureFont ID: #76d09c4de00844bf
2013-08-22 09:28:20 ..\..\src\pbj\scene\entity.cpp(549) Warning: Exception while loading entity!
                       Sandwich ID: #2d4d8b099a73e46a
                            Map ID: #1f857c484dfd32fc
                         Entity ID: #0000000000000025
                         Exception: TextureFont not found!
2013-08-22 09:28:20 ..\..\src\pbj\gfx\material.cpp(131) Warning: Exception while loading material!
                       Sandwich ID: #4967eac5c8296b82
                       Material ID: #76d09c4de00844bf
                         Exception: Material not found!
2013-08-22 09:28:20 ..\..\src\pbj\sw\resource_manager.cpp(81) Error: Material not found!
                          Sandwich ID: #4967eac5c8296b82
                       TextureFont ID: #76d09c4de00844bf
2013-08-22 09:28:20 ..\..\src\pbj\scene\entity.cpp(549) Warning: Exception while loading entity!
                       Sandwich ID: #2d4d8b099a73e46a
                            Map ID: #1f857c484dfd32fc
                         Entity ID: #0000000000000026
                         Exception: TextureFont not found!
2013-08-22 09:28:20 ..\..\src\pbj\gfx\material.cpp(131) Warning: Exception while loading material!
                       Sandwich ID: #4967eac5c8296b82
                       Material ID: #76d09c4de00844bf
                         Exception: Material not found!
2013-08-22 09:28:20 ..\..\src\pbj\sw\resource_manager.cpp(81) Error: Material not found!
                          Sandwich ID: #4967eac5c8296b82
                       TextureFont ID: #76d09c4de00844bf
2013-08-22 09:28:20 ..\..\src\pbj\scene\entity.cpp(549) Warning: Exception while loading entity!
                       Sandwich ID: #2d4d8b099a73e46a
                            Map ID: #1f857c484dfd32fc
                         Entity ID: #0000000000000027
                         Exception: TextureFont not found!
2013-08-22 09:28:20 ..\..\src\pbj\gfx\material.cpp(131) Warning: Exception while loading material!
                       Sandwich ID: #4967eac5c8296b82
                       Material ID: #76d09c4de00844bf
                         Exception: Material not found!
2013-08-22 09:28:20 ..\..\src\pbj\sw\resource_manager.cpp(81) Error: Material not found!
                          Sandwich ID: #4967eac5c8296b82
                       TextureFont ID: #76d09c4de00844bf
2013-08-22 09:28:20 ..\..\src\pbj\scene\entity.cpp(549) Warning: Exception while loading entity!
                       Sandwich ID: #2d4d8b099a73e46a
                            Map ID: #1f857c484dfd32fc
                         Entity ID: #0000000000000028
                         Exception: TextureFont not found!
2013-08-22 09:28:20 ..\..\src\pbj\gfx\material.cpp(131) Warning: Exception while loading material!
                       Sandwich ID: #4967eac5c8296b82
                       Material ID: #76d09c4de00844bf
                         Exception: Material not found!
2013-08-22 09:28:20 ..\..\src\pbj\sw\resource_manager.cpp(81) Error: Material not found!
                          Sandwich ID: #4967eac5c8296b82
                       TextureFont ID: #76d09c4de00844bf
2013-08-22 09:28:20 ..\..\src\pbj\scene\entity.cpp(549) Warning: Exception while loading entity!
                       Sandwich ID: #2d4d8b099a73e46a
                            Map ID: #1f857c484dfd32fc
                         Entity ID: #0000000000000029
                         Exception: TextureFont not found!
2013-08-22 09:28:20 ..\..\src\pbj\gfx\material.cpp(131) Warning: Exception while loading material!
                       Sandwich ID: #4967eac5c8296b82
                       Material ID: #76d09c4de00844bf
                         Exception: Material not found!
2013-08-22 09:28:20 ..\..\src\pbj\sw\resource_manager.cpp(81) Error: Material not found!
                          Sandwich ID: #4967eac5c8296b82
                       TextureFont ID: #76d09c4de00844bf
2013-08-22 09:28:20 ..\..\src\pbj\scene\entity.cpp(549) Warning: Exception while loading entity!
                       Sandwich ID: #2d4d8b099a73e46a
                            Map ID: #1f857c484dfd32fc
                         Entity ID: #000000000000002a
                         Exception: TextureFont not found!
